2024-07-31 15:23:20:2320 - [37mdebug[39m - [37mAplicação rodando[39m
2024-07-31 15:26:25:2625 - [32minfo[39m - [32mRodando a aplicação na porta 3000[39m
2024-07-31 15:26:30:2630 - [32minfo[39m - [32mRodando a aplicação na porta 3000[39m
2024-07-31 15:31:23:3123 - [32minfo[39m - [32mRodando a aplicação na porta 3000[39m
2024-07-31 15:31:25:3125 - [32minfo[39m - [32mRodando a aplicação na porta 3000[39m
2024-07-31 15:31:55:3155 - [35mhttp[39m - [35mGET / 404 139 - 3.313 ms[39m
[35m[39m
2024-07-31 15:36:38:3638 - [32minfo[39m - [32mRodando a aplicação na porta 3000[39m
2024-07-31 15:36:39:3639 - [32minfo[39m - [32mRodando a aplicação na porta 3000[39m
2024-07-31 15:39:57:3957 - [32minfo[39m - [32mRodando a aplicação na porta 3000[39m
2024-07-31 15:40:06:406 - [32minfo[39m - [32mRodando a aplicação na porta 3000[39m
2024-07-31 15:40:12:4012 - [32minfo[39m - [32mRodando a aplicação na porta 3000[39m
2024-07-31 15:40:12:4012 - [32minfo[39m - [32mConexão com o banco de dados estabelecida com sucesso![39m
2024-07-31 15:40:16:4016 - [32minfo[39m - [32mConexão com o banco de dados estabelecida com sucesso![39m
2024-07-31 15:40:16:4016 - [32minfo[39m - [32mRodando a aplicação na porta 3000[39m
2024-07-31 15:40:54:4054 - [32minfo[39m - [32mConexão com o banco de dados estabelecida com sucesso![39m
2024-07-31 15:40:54:4054 - [32minfo[39m - [32mRodando a aplicação na porta 3000[39m
2024-07-31 15:40:58:4058 - [32minfo[39m - [32mConexão com o banco de dados estabelecida com sucesso![39m
2024-07-31 15:40:58:4058 - [32minfo[39m - [32mRodando a aplicação na porta 3000[39m
2024-07-31 15:41:02:412 - [32minfo[39m - [32mConexão com o banco de dados estabelecida com sucesso![39m
2024-07-31 15:41:02:412 - [32minfo[39m - [32mRodando a aplicação na porta 3000[39m
2024-07-31 15:57:36:5736 - [32minfo[39m - [32mConexão com o banco de dados estabelecida com sucesso![39m
2024-07-31 15:57:36:5736 - [32minfo[39m - [32mRodando a aplicação na porta 3000[39m
2024-07-31 15:57:38:5738 - [35mhttp[39m - [35mGET /api/ 404 143 - 2.660 ms[39m
[35m[39m
2024-07-31 15:57:39:5739 - [35mhttp[39m - [35mGET /api/ 404 143 - 0.958 ms[39m
[35m[39m
2024-07-31 15:58:53:5853 - [32minfo[39m - [32mConexão com o banco de dados estabelecida com sucesso![39m
2024-07-31 15:58:53:5853 - [32minfo[39m - [32mRodando a aplicação na porta 3000[39m
2024-07-31 15:58:57:5857 - [35mhttp[39m - [35mGET /api/test - - - - ms[39m
[35m[39m
2024-07-31 15:59:28:5928 - [35mhttp[39m - [35mGET /api/test 201 48 - 6.987 ms[39m
[35m[39m
2024-07-31 15:59:29:5929 - [32minfo[39m - [32mConexão com o banco de dados estabelecida com sucesso![39m
2024-07-31 15:59:29:5929 - [32minfo[39m - [32mRodando a aplicação na porta 3000[39m
2024-07-31 15:59:40:5940 - [32minfo[39m - [32mConexão com o banco de dados estabelecida com sucesso![39m
2024-07-31 15:59:40:5940 - [32minfo[39m - [32mRodando a aplicação na porta 3000[39m
2024-07-31 16:02:25:225 - [32minfo[39m - [32mConexão com o banco de dados estabelecida com sucesso![39m
2024-07-31 16:02:25:225 - [32minfo[39m - [32mRodando a aplicação na porta 3000[39m
2024-07-31 19:46:05:465 - [32minfo[39m - [32mConexão com o banco de dados estabelecida com sucesso![39m
2024-07-31 19:46:05:465 - [32minfo[39m - [32mRodando a aplicação na porta 3000[39m
2024-07-31 19:52:42:5242 - [32minfo[39m - [32mConexão com o banco de dados estabelecida com sucesso![39m
2024-07-31 19:52:42:5242 - [32minfo[39m - [32mRodando a aplicação na porta 3000[39m
2024-07-31 19:53:02:532 - [32minfo[39m - [32mConexão com o banco de dados estabelecida com sucesso![39m
2024-07-31 19:53:02:532 - [32minfo[39m - [32mRodando a aplicação na porta 3000[39m
2024-07-31 19:53:22:5322 - [35mhttp[39m - [35mGET /api/byEmailAndPassword 200 4 - 74.521 ms[39m
[35m[39m
2024-07-31 19:53:32:5332 - [32minfo[39m - [32mConexão com o banco de dados estabelecida com sucesso![39m
2024-07-31 19:53:32:5332 - [32minfo[39m - [32mRodando a aplicação na porta 3000[39m
2024-07-31 19:53:34:5334 - [35mhttp[39m - [35mGET /api/byEmailAndPassword 304 - - 33.691 ms[39m
[35m[39m
2024-07-31 19:54:12:5412 - [32minfo[39m - [32mConexão com o banco de dados estabelecida com sucesso![39m
2024-07-31 19:54:12:5412 - [32minfo[39m - [32mRodando a aplicação na porta 3000[39m
2024-07-31 19:54:13:5413 - [35mhttp[39m - [35mGET /api/byEmailAndPassword 304 - - 37.301 ms[39m
[35m[39m
2024-07-31 19:55:28:5528 - [32minfo[39m - [32mConexão com o banco de dados estabelecida com sucesso![39m
2024-07-31 19:55:28:5528 - [32minfo[39m - [32mRodando a aplicação na porta 3000[39m
2024-07-31 19:55:47:5547 - [35mhttp[39m - [35mGET /api/byEmailAndPassword 200 2 - 40.571 ms[39m
[35m[39m
2024-07-31 19:55:55:5555 - [32minfo[39m - [32mConexão com o banco de dados estabelecida com sucesso![39m
2024-07-31 19:55:55:5555 - [32minfo[39m - [32mRodando a aplicação na porta 3000[39m
2024-07-31 19:55:57:5557 - [35mhttp[39m - [35mGET /api/byEmailAndPassword 304 - - 58.277 ms[39m
[35m[39m
2024-07-31 19:56:04:564 - [35mhttp[39m - [35mGET /api/byEmailAndPassword 304 - - 27.408 ms[39m
[35m[39m
2024-07-31 19:56:04:564 - [35mhttp[39m - [35mGET /api/byEmailAndPassword 304 - - 27.124 ms[39m
[35m[39m
2024-07-31 19:56:15:5615 - [32minfo[39m - [32mConexão com o banco de dados estabelecida com sucesso![39m
2024-07-31 19:56:15:5615 - [32minfo[39m - [32mRodando a aplicação na porta 3000[39m
2024-07-31 19:56:15:5615 - [35mhttp[39m - [35mGET /api/byEmailAndPassword 304 - - 50.343 ms[39m
[35m[39m
2024-07-31 19:56:17:5617 - [35mhttp[39m - [35mGET /api/byEmailAndPassword 304 - - 25.512 ms[39m
[35m[39m
2024-07-31 19:56:17:5617 - [35mhttp[39m - [35mGET /api/byEmailAndPassword 304 - - 24.159 ms[39m
[35m[39m
2024-07-31 19:56:17:5617 - [35mhttp[39m - [35mGET /api/byEmailAndPassword 304 - - 25.054 ms[39m
[35m[39m
2024-07-31 19:56:17:5617 - [35mhttp[39m - [35mGET /api/byEmailAndPassword 304 - - 24.629 ms[39m
[35m[39m
2024-07-31 19:56:18:5618 - [35mhttp[39m - [35mGET /api/byEmailAndPassword 304 - - 24.432 ms[39m
[35m[39m
2024-07-31 19:56:27:5627 - [32minfo[39m - [32mConexão com o banco de dados estabelecida com sucesso![39m
2024-07-31 19:56:27:5627 - [32minfo[39m - [32mRodando a aplicação na porta 3000[39m
2024-07-31 19:56:27:5627 - [35mhttp[39m - [35mGET /api/byEmailAndPassword 304 - - 440.888 ms[39m
[35m[39m
2024-07-31 19:56:41:5641 - [32minfo[39m - [32mConexão com o banco de dados estabelecida com sucesso![39m
2024-07-31 19:56:41:5641 - [32minfo[39m - [32mRodando a aplicação na porta 3000[39m
2024-07-31 19:56:42:5642 - [35mhttp[39m - [35mGET /api/byEmailAndPassword 304 - - 40.932 ms[39m
[35m[39m
2024-07-31 19:56:43:5643 - [35mhttp[39m - [35mGET /api/byEmailAndPassword 304 - - 26.966 ms[39m
[35m[39m
2024-07-31 19:56:51:5651 - [32minfo[39m - [32mConexão com o banco de dados estabelecida com sucesso![39m
2024-07-31 19:56:51:5651 - [32minfo[39m - [32mRodando a aplicação na porta 3000[39m
2024-07-31 19:56:52:5652 - [35mhttp[39m - [35mGET /api/byEmailAndPassword 200 4 - 38.579 ms[39m
[35m[39m
2024-07-31 19:56:54:5654 - [35mhttp[39m - [35mGET /api/byEmailAndPassword 304 - - 28.039 ms[39m
[35m[39m
2024-07-31 19:58:01:581 - [32minfo[39m - [32mConexão com o banco de dados estabelecida com sucesso![39m
2024-07-31 19:58:01:581 - [32minfo[39m - [32mRodando a aplicação na porta 3000[39m
2024-07-31 19:58:02:582 - [35mhttp[39m - [35mGET /api/byEmailAndPassword 304 - - 65.020 ms[39m
[35m[39m
2024-07-31 19:58:05:585 - [35mhttp[39m - [35mGET /api/byEmailAndPassword 304 - - 61.126 ms[39m
[35m[39m
2024-07-31 19:58:43:5843 - [32minfo[39m - [32mConexão com o banco de dados estabelecida com sucesso![39m
2024-07-31 19:58:43:5843 - [32minfo[39m - [32mRodando a aplicação na porta 3000[39m
2024-07-31 19:58:56:5856 - [32minfo[39m - [32mConexão com o banco de dados estabelecida com sucesso![39m
2024-07-31 19:58:56:5856 - [32minfo[39m - [32mRodando a aplicação na porta 3000[39m
2024-07-31 19:59:03:593 - [32minfo[39m - [32mConexão com o banco de dados estabelecida com sucesso![39m
2024-07-31 19:59:03:593 - [32minfo[39m - [32mRodando a aplicação na porta 3000[39m
2024-07-31 19:59:52:5952 - [32minfo[39m - [32mConexão com o banco de dados estabelecida com sucesso![39m
2024-07-31 19:59:52:5952 - [32minfo[39m - [32mRodando a aplicação na porta 3000[39m
2024-07-31 19:59:53:5953 - [35mhttp[39m - [35mGET /api/byEmailAndPassword 304 - - 62.079 ms[39m
[35m[39m
2024-07-31 19:59:55:5955 - [35mhttp[39m - [35mGET /api/byEmailAndPassword 304 - - 44.294 ms[39m
[35m[39m
2024-07-31 19:59:56:5956 - [35mhttp[39m - [35mGET /api/byEmailAndPassword 304 - - 51.303 ms[39m
[35m[39m
2024-07-31 20:01:52:152 - [31merror[39m - [31mNão foi possível iniciar a conexão com o banco de dados. Erro: MongoServerError: bad auth : authentication failed[39m
2024-07-31 20:02:09:29 - [32minfo[39m - [32mConexão com o banco de dados estabelecida com sucesso![39m
2024-07-31 20:02:09:29 - [32minfo[39m - [32mRodando a aplicação na porta 3000[39m
2024-07-31 20:02:23:223 - [35mhttp[39m - [35mGET /api/byEmailAndPassword 304 - - 59.105 ms[39m
[35m[39m
2024-07-31 20:02:24:224 - [35mhttp[39m - [35mGET /api/byEmailAndPassword 304 - - 47.460 ms[39m
[35m[39m
2024-07-31 20:02:24:224 - [35mhttp[39m - [35mGET /api/byEmailAndPassword 304 - - 47.406 ms[39m
[35m[39m
2024-07-31 20:04:12:412 - [32minfo[39m - [32mConexão com o banco de dados estabelecida com sucesso![39m
2024-07-31 20:04:12:412 - [32minfo[39m - [32mRodando a aplicação na porta 3000[39m
2024-07-31 20:04:15:415 - [35mhttp[39m - [35mGET /api/byEmailAndPassword 304 - - 199.342 ms[39m
[35m[39m
2024-07-31 20:08:29:829 - [32minfo[39m - [32mConexão com o banco de dados estabelecida com sucesso![39m
2024-07-31 20:08:29:829 - [32minfo[39m - [32mRodando a aplicação na porta 3000[39m
2024-07-31 20:08:38:838 - [35mhttp[39m - [35mGET /api/byEmailAndPassword 304 - - 79.591 ms[39m
[35m[39m
2024-07-31 20:10:49:1049 - [32minfo[39m - [32mConexão com o banco de dados estabelecida com sucesso![39m
2024-07-31 20:10:49:1049 - [32minfo[39m - [32mRodando a aplicação na porta 3000[39m
2024-07-31 20:11:12:1112 - [32minfo[39m - [32mConexão com o banco de dados estabelecida com sucesso![39m
2024-07-31 20:11:12:1112 - [32minfo[39m - [32mRodando a aplicação na porta 3000[39m
2024-07-31 20:11:15:1115 - [35mhttp[39m - [35mGET /api/byEmailAndPassword 304 - - 84.286 ms[39m
[35m[39m
2024-07-31 20:11:16:1116 - [35mhttp[39m - [35mGET /api/byEmailAndPassword 304 - - 101.638 ms[39m
[35m[39m
2024-07-31 20:11:17:1117 - [35mhttp[39m - [35mGET /api/byEmailAndPassword 304 - - 67.072 ms[39m
[35m[39m
2024-07-31 20:11:43:1143 - [32minfo[39m - [32mConexão com o banco de dados estabelecida com sucesso![39m
2024-07-31 20:11:43:1143 - [32minfo[39m - [32mRodando a aplicação na porta 3000[39m
2024-07-31 20:11:47:1147 - [35mhttp[39m - [35mGET /api/byEmailAndPassword 304 - - 87.178 ms[39m
[35m[39m
2024-07-31 20:11:48:1148 - [35mhttp[39m - [35mGET /api/byEmailAndPassword 304 - - 70.940 ms[39m
[35m[39m
2024-07-31 20:11:49:1149 - [35mhttp[39m - [35mGET /api/byEmailAndPassword 304 - - 85.665 ms[39m
[35m[39m
2024-07-31 20:11:49:1149 - [35mhttp[39m - [35mGET /api/byEmailAndPassword 304 - - 73.392 ms[39m
[35m[39m
2024-07-31 20:11:49:1149 - [35mhttp[39m - [35mGET /api/byEmailAndPassword 304 - - 74.983 ms[39m
[35m[39m
2024-07-31 20:11:50:1150 - [35mhttp[39m - [35mGET /api/byEmailAndPassword 304 - - 77.148 ms[39m
[35m[39m
2024-07-31 20:13:23:1323 - [32minfo[39m - [32mConexão com o banco de dados estabelecida com sucesso![39m
2024-07-31 20:13:23:1323 - [32minfo[39m - [32mRodando a aplicação na porta 3000[39m
2024-07-31 20:14:15:1415 - [32minfo[39m - [32mConexão com o banco de dados estabelecida com sucesso![39m
2024-07-31 20:14:15:1415 - [32minfo[39m - [32mRodando a aplicação na porta 3000[39m
2024-07-31 20:14:21:1421 - [35mhttp[39m - [35mGET /api/byEmailAndPassword 304 - - 88.122 ms[39m
[35m[39m
2024-07-31 20:14:45:1445 - [32minfo[39m - [32mConexão com o banco de dados estabelecida com sucesso![39m
2024-07-31 20:14:45:1445 - [32minfo[39m - [32mRodando a aplicação na porta 3000[39m
2024-07-31 20:15:32:1532 - [32minfo[39m - [32mConexão com o banco de dados estabelecida com sucesso![39m
2024-07-31 20:15:32:1532 - [32minfo[39m - [32mRodando a aplicação na porta 3000[39m
2024-07-31 20:15:52:1552 - [32minfo[39m - [32mConexão com o banco de dados estabelecida com sucesso![39m
2024-07-31 20:15:52:1552 - [32minfo[39m - [32mRodando a aplicação na porta 3000[39m
2024-07-31 20:15:52:1552 - [35mhttp[39m - [35mGET /api/byEmailAndPassword 304 - - 330.239 ms[39m
[35m[39m
2024-07-31 20:15:57:1557 - [35mhttp[39m - [35mGET /api/byEmailAndPassword 304 - - 82.375 ms[39m
[35m[39m
2024-07-31 20:19:00:190 - [32minfo[39m - [32mConexão com o banco de dados estabelecida com sucesso![39m
2024-07-31 20:19:00:190 - [32minfo[39m - [32mRodando a aplicação na porta 3000[39m
2024-07-31 20:19:06:196 - [32minfo[39m - [32mConexão com o banco de dados estabelecida com sucesso![39m
2024-07-31 20:19:06:196 - [32minfo[39m - [32mRodando a aplicação na porta 3000[39m
2024-07-31 20:19:13:1913 - [35mhttp[39m - [35mGET /api/byEmailAndPassword 304 - - 95.283 ms[39m
[35m[39m
2024-07-31 20:19:28:1928 - [32minfo[39m - [32mConexão com o banco de dados estabelecida com sucesso![39m
2024-07-31 20:19:28:1928 - [32minfo[39m - [32mRodando a aplicação na porta 3000[39m
2024-07-31 20:19:32:1932 - [35mhttp[39m - [35mGET /api/byEmailAndPassword 304 - - 210.453 ms[39m
[35m[39m
2024-07-31 20:19:38:1938 - [35mhttp[39m - [35mGET /api/byEmailAndPassword 304 - - 92.165 ms[39m
[35m[39m
2024-07-31 20:20:18:2018 - [32minfo[39m - [32mConexão com o banco de dados estabelecida com sucesso![39m
2024-07-31 20:20:18:2018 - [32minfo[39m - [32mRodando a aplicação na porta 3000[39m
2024-07-31 20:20:23:2023 - [32minfo[39m - [32mConexão com o banco de dados estabelecida com sucesso![39m
2024-07-31 20:20:23:2023 - [32minfo[39m - [32mRodando a aplicação na porta 3000[39m
2024-07-31 20:20:27:2027 - [32minfo[39m - [32mConexão com o banco de dados estabelecida com sucesso![39m
2024-07-31 20:20:27:2027 - [32minfo[39m - [32mRodando a aplicação na porta 3000[39m
2024-07-31 20:20:30:2030 - [32minfo[39m - [32mConexão com o banco de dados estabelecida com sucesso![39m
2024-07-31 20:20:30:2030 - [32minfo[39m - [32mRodando a aplicação na porta 3000[39m
2024-07-31 20:20:42:2042 - [32minfo[39m - [32mConexão com o banco de dados estabelecida com sucesso![39m
2024-07-31 20:20:42:2042 - [32minfo[39m - [32mRodando a aplicação na porta 3000[39m
2024-07-31 20:22:30:2230 - [32minfo[39m - [32mConexão com o banco de dados estabelecida com sucesso![39m
2024-07-31 20:22:30:2230 - [32minfo[39m - [32mRodando a aplicação na porta 3000[39m
2024-07-31 20:22:31:2231 - [35mhttp[39m - [35mGET /api/byEmailAndPassword 304 - - 100.024 ms[39m
[35m[39m
2024-07-31 20:22:34:2234 - [35mhttp[39m - [35mGET /api/byEmailAndPassword 304 - - 75.695 ms[39m
[35m[39m
2024-07-31 20:23:03:233 - [32minfo[39m - [32mConexão com o banco de dados estabelecida com sucesso![39m
2024-07-31 20:23:03:233 - [32minfo[39m - [32mRodando a aplicação na porta 3000[39m
2024-07-31 20:23:06:236 - [35mhttp[39m - [35mGET /api/byEmailAndPassword 304 - - 148.637 ms[39m
[35m[39m
2024-07-31 20:23:08:238 - [35mhttp[39m - [35mGET /api/byEmailAndPassword 304 - - 186.516 ms[39m
[35m[39m
2024-07-31 20:23:08:238 - [35mhttp[39m - [35mGET /api/byEmailAndPassword 304 - - 106.908 ms[39m
[35m[39m
2024-07-31 20:23:15:2315 - [32minfo[39m - [32mConexão com o banco de dados estabelecida com sucesso![39m
2024-07-31 20:23:16:2316 - [32minfo[39m - [32mRodando a aplicação na porta 3000[39m
2024-07-31 20:23:17:2317 - [35mhttp[39m - [35mGET /api/byEmailAndPassword 304 - - 115.719 ms[39m
[35m[39m
2024-07-31 20:23:18:2318 - [35mhttp[39m - [35mGET /api/byEmailAndPassword 304 - - 73.507 ms[39m
[35m[39m
2024-07-31 20:23:45:2345 - [35mhttp[39m - [35mGET /api/byEmailAndPassword 304 - - 82.596 ms[39m
[35m[39m
2024-07-31 20:23:45:2345 - [35mhttp[39m - [35mGET /api/byEmailAndPassword 304 - - 83.433 ms[39m
[35m[39m
2024-07-31 20:23:46:2346 - [35mhttp[39m - [35mGET /api/byEmailAndPassword 304 - - 77.013 ms[39m
[35m[39m
2024-07-31 20:23:46:2346 - [35mhttp[39m - [35mGET /api/byEmailAndPassword 304 - - 82.876 ms[39m
[35m[39m
2024-07-31 20:24:29:2429 - [32minfo[39m - [32mConexão com o banco de dados estabelecida com sucesso![39m
2024-07-31 20:24:29:2429 - [32minfo[39m - [32mRodando a aplicação na porta 3000[39m
2024-07-31 20:24:41:2441 - [35mhttp[39m - [35mGET /api/byEmailAndPassword 304 - - 116.052 ms[39m
[35m[39m
2024-07-31 20:24:44:2444 - [35mhttp[39m - [35mGET /api/byEmailAndPassword 304 - - 77.841 ms[39m
[35m[39m
2024-07-31 20:25:47:2547 - [32minfo[39m - [32mConexão com o banco de dados estabelecida com sucesso![39m
2024-07-31 20:25:47:2547 - [32minfo[39m - [32mRodando a aplicação na porta 3000[39m
2024-07-31 20:25:49:2549 - [32minfo[39m - [32mConexão com o banco de dados estabelecida com sucesso![39m
2024-07-31 20:25:49:2549 - [32minfo[39m - [32mRodando a aplicação na porta 3000[39m
2024-07-31 20:25:57:2557 - [32minfo[39m - [32mConexão com o banco de dados estabelecida com sucesso![39m
2024-07-31 20:25:57:2557 - [32minfo[39m - [32mRodando a aplicação na porta 3000[39m
2024-07-31 20:26:00:260 - [32minfo[39m - [32mConexão com o banco de dados estabelecida com sucesso![39m
2024-07-31 20:26:00:260 - [32minfo[39m - [32mRodando a aplicação na porta 3000[39m
2024-07-31 20:26:02:262 - [32minfo[39m - [32mConexão com o banco de dados estabelecida com sucesso![39m
2024-07-31 20:26:02:262 - [32minfo[39m - [32mRodando a aplicação na porta 3000[39m
2024-07-31 20:26:11:2611 - [35mhttp[39m - [35mGET /api/byEmailAndPassword 304 - - 92.449 ms[39m
[35m[39m
2024-07-31 20:26:13:2613 - [35mhttp[39m - [35mGET /api/byEmailAndPassword 304 - - 91.716 ms[39m
[35m[39m
2024-07-31 20:26:16:2616 - [35mhttp[39m - [35mGET /api/byEmailAndPassword 304 - - 82.994 ms[39m
[35m[39m
2024-07-31 20:26:28:2628 - [32minfo[39m - [32mConexão com o banco de dados estabelecida com sucesso![39m
2024-07-31 20:26:28:2628 - [32minfo[39m - [32mRodando a aplicação na porta 3000[39m
2024-07-31 20:26:28:2628 - [35mhttp[39m - [35mGET /api/byEmailAndPassword 200 299 - 456.872 ms[39m
[35m[39m
2024-07-31 20:26:34:2634 - [35mhttp[39m - [35mGET /api/byEmailAndPassword 304 - - 194.441 ms[39m
[35m[39m
2024-07-31 20:26:35:2635 - [35mhttp[39m - [35mGET /api/byEmailAndPassword 304 - - 147.054 ms[39m
[35m[39m
2024-07-31 20:26:36:2636 - [35mhttp[39m - [35mGET /api/byEmailAndPassword 304 - - 76.948 ms[39m
[35m[39m
2024-07-31 20:26:36:2636 - [35mhttp[39m - [35mGET /api/byEmailAndPassword 304 - - 78.369 ms[39m
[35m[39m
2024-07-31 20:26:36:2636 - [35mhttp[39m - [35mGET /api/byEmailAndPassword 304 - - 73.212 ms[39m
[35m[39m
2024-07-31 20:26:37:2637 - [35mhttp[39m - [35mGET /api/byEmailAndPassword 304 - - 73.774 ms[39m
[35m[39m
2024-07-31 20:26:37:2637 - [35mhttp[39m - [35mGET /api/byEmailAndPassword 304 - - 76.224 ms[39m
[35m[39m
